0 info it worked if it ends with ok
1 verbose cli [ 'C:\\Program Files\\nodejs\\node.exe',
1 verbose cli   'C:\\Users\\Petr\\AppData\\Roaming\\npm\\node_modules\\npm\\bin\\npm-cli.js',
1 verbose cli   'start' ]
2 info using npm@4.0.2
3 info using node@v7.10.0
4 verbose run-script [ 'prestart', 'start', 'poststart' ]
5 info lifecycle reklamatmpm@1.0.0~prestart: reklamatmpm@1.0.0
6 silly lifecycle reklamatmpm@1.0.0~prestart: no script for prestart, continuing
7 info lifecycle reklamatmpm@1.0.0~start: reklamatmpm@1.0.0
8 verbose lifecycle reklamatmpm@1.0.0~start: unsafe-perm in lifecycle true
9 verbose lifecycle reklamatmpm@1.0.0~start: PATH: C:\Users\Petr\AppData\Roaming\npm\node_modules\npm\bin\node-gyp-bin;E:\WORKS\reklamatmpm\reklamatmpm\node_modules\.bin;C:\ProgramData\Oracle\Java\javapath;C:\Windows\system32;C:\Windows;C:\Windows\System32\Wbem;C:\Windows\System32\WindowsPowerShell\v1.0\;C:\Program Files\Microsoft SQL Server\110\Tools\Binn\;C:\Program Files\Microsoft SQL Server\120\Tools\Binn\;C:\Program Files\Microsoft SQL Server\Client SDK\ODBC\110\Tools\Binn\;C:\Program Files (x86)\Microsoft SQL Server\120\Tools\Binn\;C:\Program Files\Microsoft SQL Server\120\DTS\Binn\;C:\Program Files (x86)\Microsoft SQL Server\120\Tools\Binn\ManagementStudio\;C:\Program Files (x86)\Microsoft SQL Server\120\DTS\Binn\;C:\Program Files\TortoiseGit\bin;C:\Program Files (x86)\Microsoft SQL Server\110\Tools\Binn\ManagementStudio\;C:\Program Files (x86)\Microsoft SQL Server\110\Tools\Binn\;C:\Program Files (x86)\Microsoft SQL Server\110\DTS\Binn\;C:\Program Files (x86)\Skype\Phone\;C:\Program Files\Git\cmd;C:\Program Files\nodejs\;C:\Program Files (x86)\Microsoft VS Code\bin;C:\Program Files (x86)\Heroku\bin;C:\Users\Petr\AppData\Roaming\npm
10 verbose lifecycle reklamatmpm@1.0.0~start: CWD: E:\WORKS\reklamatmpm\reklamatmpm
11 silly lifecycle reklamatmpm@1.0.0~start: Args: [ '/d /s /c', 'supervisor src/index.js' ]
12 silly lifecycle reklamatmpm@1.0.0~start: Returned: code: 1  signal: null
13 info lifecycle reklamatmpm@1.0.0~start: Failed to exec start script
14 verbose stack Error: reklamatmpm@1.0.0 start: `supervisor src/index.js`
14 verbose stack Exit status 1
14 verbose stack     at EventEmitter.<anonymous> (C:\Users\Petr\AppData\Roaming\npm\node_modules\npm\lib\utils\lifecycle.js:279:16)
14 verbose stack     at emitTwo (events.js:106:13)
14 verbose stack     at EventEmitter.emit (events.js:194:7)
14 verbose stack     at ChildProcess.<anonymous> (C:\Users\Petr\AppData\Roaming\npm\node_modules\npm\lib\utils\spawn.js:40:14)
14 verbose stack     at emitTwo (events.js:106:13)
14 verbose stack     at ChildProcess.emit (events.js:194:7)
14 verbose stack     at maybeClose (internal/child_process.js:899:16)
14 verbose stack     at Process.ChildProcess._handle.onexit (internal/child_process.js:226:5)
15 verbose pkgid reklamatmpm@1.0.0
16 verbose cwd E:\WORKS\reklamatmpm\reklamatmpm
17 error Windows_NT 6.3.9600
18 error argv "C:\\Program Files\\nodejs\\node.exe" "C:\\Users\\Petr\\AppData\\Roaming\\npm\\node_modules\\npm\\bin\\npm-cli.js" "start"
19 error node v7.10.0
20 error npm  v4.0.2
21 error code ELIFECYCLE
22 error reklamatmpm@1.0.0 start: `supervisor src/index.js`
22 error Exit status 1
23 error Failed at the reklamatmpm@1.0.0 start script 'supervisor src/index.js'.
23 error Make sure you have the latest version of node.js and npm installed.
23 error If you do, this is most likely a problem with the reklamatmpm package,
23 error not with npm itself.
23 error Tell the author that this fails on your system:
23 error     supervisor src/index.js
23 error You can get information on how to open an issue for this project with:
23 error     npm bugs reklamatmpm
23 error Or if that isn't available, you can get their info via:
23 error     npm owner ls reklamatmpm
23 error There is likely additional logging output above.
24 verbose exit [ 1, true ]
